<testsuites>
  <testsuite name="AxolotlUnitTests.dll" tests="12" skipped="1" failures="0" errors="0" time="0.0088286" timestamp="2022-10-12T22:17:15" hostname="DESKTOP-EAVBUUA" id="0" package="AxolotlUnitTests.dll">
    <properties />
    <testcase classname="AxolotlUnitTests.ModelsTests" name="DeletingCommentUpdatesUserPost" time="0.0022843" />
    <testcase classname="AxolotlUnitTests.ModelsTests" name="EditingCommentUpdatesUserPost" time="0.0035969" />
    <testcase classname="AxolotlUnitTests.ModelsTests" name="EditingNotExistingPostThrows" time="0.0006194" />
    <testcase classname="AxolotlUnitTests.ModelsTests" name="EditingPostUpdatesUserPosts" time="0.0002744" />
    <testcase classname="AxolotlUnitTests.ModelsTests" name="DeletingPostUpdatesUserPosts" time="0.0000986" />
    <testcase classname="AxolotlUnitTests.ModelsTests" name="AddedUserPostIsLinked" time="0.0000969" />
    <testcase classname="AxolotlUnitTests.ModelsTests" name="AddingPostNotUpdatesUserPosts" time="0.0010000">
      <skipped />
    </testcase>
    <testcase classname="AxolotlUnitTests.ModelsTests" name="EditingCommentUpdatesPostsUser" time="0.0004420" />
    <testcase classname="AxolotlUnitTests.ModelsTests" name="AddingCommentUpdatesUserPost" time="0.0000948" />
    <testcase classname="AxolotlUnitTests.ModelsTests" name="AddingPostUpdatesUserPosts" time="0.0000872" />
    <testcase classname="AxolotlUnitTests.ModelsTests" name="EditingNotExistingCommentThrows" time="0.0001325" />
    <testcase classname="AxolotlUnitTests.ModelsTests" name="AddedCommentIsLinked" time="0.0001016" />
    <system-out>Absurd test example

Test Framework Informational Messages:
[xUnit.net 00:00:00.00] xUnit.net VSTest Adapter v2.4.3+1b45f5407b (64-bit .NET 6.0.10)
[xUnit.net 00:00:04.71]   Discovering: AxolotlUnitTests
[xUnit.net 00:00:04.74]   Discovered:  AxolotlUnitTests
[xUnit.net 00:00:04.74]   Starting:    AxolotlUnitTests
[xUnit.net 00:00:04.78]       Absurd test example
[xUnit.net 00:00:04.79]   Finished:    AxolotlUnitTests
</system-out>
    <system-err>Warning - [xUnit.net 00:00:04.78]     AxolotlUnitTests.ModelsTests.AddingPostNotUpdatesUserPosts [SKIP]
</system-err>
  </testsuite>
</testsuites>